#-----------------------------------------------------------
# Vivado v2020.1 (64-bit)
# SW Build 2902540 on Wed May 27 19:54:49 MDT 2020
# IP Build 2902112 on Wed May 27 22:43:36 MDT 2020
# Start of session at: Wed Nov  4 02:59:49 2020
# Process ID: 5332
# Current directory: C:/Users/CK/Desktop/3bitupdowncounter/updown_counter
# Command line: vivado.exe -gui_launcher_event rodinguilauncherevent1664 C:\Users\CK\Desktop\3bitupdowncounter\updown_counter\updown_counter.xpr
# Log file: C:/Users/CK/Desktop/3bitupdowncounter/updown_counter/vivado.log
# Journal file: C:/Users/CK/Desktop/3bitupdowncounter/updown_counter\vivado.jou
#-----------------------------------------------------------
start_gui
open_project C:/Users/CK/Desktop/3bitupdowncounter/updown_counter/updown_counter.xpr
Scanning sources...
Finished scanning sources
INFO: [IP_Flow 19-234] Refreshing IP repositories
INFO: [IP_Flow 19-1704] No user IP repositories specified
INFO: [IP_Flow 19-2313] Loaded Vivado IP repository 'C:/Xilinx/Vivado/2020.1/data/ip'.
update_compile_order -fileset sources_1
exit
INFO: [Common 17-206] Exiting Vivado at Wed Nov  4 03:00:26 2020...
